<?xml version="1.0" encoding="UTF-8"?>
<!-- Generated by org.testng.reporters.JUnitReportReporter -->
<testsuite skipped="0" hostname="DESKTOP-EM90R6T" name="tests.TestThread" tests="1" failures="0" timestamp="24 八月 2019 07:08:44 GMT" time="0.019" errors="0">
  <testcase name="test1" time="0.019" classname="tests.TestThread"/>
</testsuite> <!-- tests.TestThread -->
