<?xml version="1.0" encoding="UTF-8"?>
<!-- Generated by org.testng.reporters.JUnitReportReporter -->
<testsuite skipped="0" hostname="DESKTOP-EM90R6T" name="tests.DataProviderTest" tests="7" failures="0" timestamp="25 八月 2019 16:25:12 GMT" time="0.040" errors="0">
  <testcase name="f" time="0.003" classname="tests.DataProviderTest"/>
  <testcase name="f" time="0.005" classname="tests.DataProviderTest"/>
  <testcase name="f" time="0.001" classname="tests.DataProviderTest"/>
  <testcase name="f" time="0.002" classname="tests.DataProviderTest"/>
  <testcase name="f" time="0.022" classname="tests.DataProviderTest"/>
  <testcase name="f" time="0.005" classname="tests.DataProviderTest"/>
  <testcase name="f" time="0.002" classname="tests.DataProviderTest"/>
</testsuite> <!-- tests.DataProviderTest -->
